<?xml version="1.0" encoding="UTF-8"?>
<testsuite xmlns:xsi="http://www.w3.org/2001/XMLSchema-instance" xsi:schemaLocation="https://maven.apache.org/surefire/maven-surefire-plugin/xsd/surefire-test-report.xsd" name="com.heyho.demo.vendingmachine.VendingMachineTest" time="0.318" tests="15" errors="0" skipped="0" failures="0">
  <properties>
    <property name="java.runtime.name" value="Java(TM) SE Runtime Environment"/>
    <property name="java.vm.version" value="9+181"/>
    <property name="sun.boot.library.path" value="/Library/Java/JavaVirtualMachines/jdk-9.jdk/Contents/Home/lib"/>
    <property name="gopherProxySet" value="false"/>
    <property name="maven.multiModuleProjectDirectory" value="/Users/adminuser/dev/java/git/VendingMachine"/>
    <property name="java.vm.vendor" value="Oracle Corporation"/>
    <property name="java.vendor.url" value="http://java.oracle.com/"/>
    <property name="guice.disable.misplaced.annotation.check" value="true"/>
    <property name="path.separator" value=":"/>
    <property name="java.vm.name" value="Java HotSpot(TM) 64-Bit Server VM"/>
    <property name="file.encoding.pkg" value="sun.io"/>
    <property name="sun.os.patch.level" value="unknown"/>
    <property name="user.country" value="US"/>
    <property name="sun.java.launcher" value="SUN_STANDARD"/>
    <property name="java.vm.specification.name" value="Java Virtual Machine Specification"/>
    <property name="user.dir" value="/Users/adminuser/dev/java/git/VendingMachine"/>
    <property name="java.vm.compressedOopsMode" value="Zero based"/>
    <property name="java.runtime.version" value="9+181"/>
    <property name="java.awt.graphicsenv" value="sun.awt.CGraphicsEnvironment"/>
    <property name="os.arch" value="x86_64"/>
    <property name="java.io.tmpdir" value="/var/folders/ht/rsk3lw210zg9xx3sb8q7y__h0000gp/T/"/>
    <property name="line.separator" value="&#10;"/>
    <property name="java.vm.specification.vendor" value="Oracle Corporation"/>
    <property name="os.name" value="Mac OS X"/>
    <property name="classworlds.conf" value="/usr/local/apache-maven-3.5.4/bin/m2.conf"/>
    <property name="sun.jnu.encoding" value="UTF-8"/>
    <property name="java.library.path" value="/usr/local/mdsplus/lib:/Users/adminuser/Library/Java/Extensions:/Library/Java/Extensions:/Network/Library/Java/Extensions:/System/Library/Java/Extensions:/usr/lib/java:."/>
    <property name="maven.conf" value="/usr/local/apache-maven-3.5.4/conf"/>
    <property name="jdk.debug" value="release"/>
    <property name="java.class.version" value="53.0"/>
    <property name="java.specification.name" value="Java Platform API Specification"/>
    <property name="sun.management.compiler" value="HotSpot 64-Bit Tiered Compilers"/>
    <property name="os.version" value="10.11.6"/>
    <property name="library.jansi.path" value="/usr/local/apache-maven-3.5.4/lib/jansi-native"/>
    <property name="http.nonProxyHosts" value="local|*.local|169.254/16|*.169.254/16"/>
    <property name="user.home" value="/Users/adminuser"/>
    <property name="user.timezone" value="US/Eastern"/>
    <property name="java.awt.printerjob" value="sun.lwawt.macosx.CPrinterJob"/>
    <property name="file.encoding" value="UTF-8"/>
    <property name="java.specification.version" value="9"/>
    <property name="user.name" value="adminuser"/>
    <property name="java.class.path" value="/usr/local/apache-maven-3.5.4/boot/plexus-classworlds-2.5.2.jar"/>
    <property name="java.vm.specification.version" value="9"/>
    <property name="sun.arch.data.model" value="64"/>
    <property name="sun.java.command" value="org.codehaus.plexus.classworlds.launcher.Launcher test"/>
    <property name="java.home" value="/Library/Java/JavaVirtualMachines/jdk-9.jdk/Contents/Home"/>
    <property name="user.language" value="en"/>
    <property name="java.specification.vendor" value="Oracle Corporation"/>
    <property name="awt.toolkit" value="sun.lwawt.macosx.LWCToolkit"/>
    <property name="java.vm.info" value="mixed mode"/>
    <property name="java.version" value="9"/>
    <property name="java.vendor" value="Oracle Corporation"/>
    <property name="maven.home" value="/usr/local/apache-maven-3.5.4"/>
    <property name="file.separator" value="/"/>
    <property name="java.vendor.url.bug" value="http://bugreport.java.com/bugreport/"/>
    <property name="sun.io.unicode.encoding" value="UnicodeBig"/>
    <property name="sun.cpu.endian" value="little"/>
    <property name="socksNonProxyHosts" value="local|*.local|169.254/16|*.169.254/16"/>
    <property name="ftp.nonProxyHosts" value="local|*.local|169.254/16|*.169.254/16"/>
    <property name="sun.cpu.isalist" value=""/>
  </properties>
  <testcase name="testRestockMachine" classname="com.heyho.demo.vendingmachine.VendingMachineTest" time="0.065"/>
  <testcase name="testItemClass" classname="com.heyho.demo.vendingmachine.VendingMachineTest" time="0.017"/>
  <testcase name="testMakeChange" classname="com.heyho.demo.vendingmachine.VendingMachineTest" time="0.072"/>
  <testcase name="testListGoods" classname="com.heyho.demo.vendingmachine.VendingMachineTest" time="0.002"/>
  <testcase name="testCoinClass" classname="com.heyho.demo.vendingmachine.VendingMachineTest" time="0.001"/>
  <testcase name="testVendingMachineClass" classname="com.heyho.demo.vendingmachine.VendingMachineTest" time="0"/>
  <testcase name="testValueInPuchase" classname="com.heyho.demo.vendingmachine.VendingMachineTest" time="0.013"/>
  <testcase name="testDoChange" classname="com.heyho.demo.vendingmachine.VendingMachineTest" time="0.013"/>
  <testcase name="testMainLoop" classname="com.heyho.demo.vendingmachine.VendingMachineTest" time="0.033"/>
  <testcase name="testDoCoin" classname="com.heyho.demo.vendingmachine.VendingMachineTest" time="0.004"/>
  <testcase name="testDoLabel" classname="com.heyho.demo.vendingmachine.VendingMachineTest" time="0.023"/>
  <testcase name="testValueInMachine" classname="com.heyho.demo.vendingmachine.VendingMachineTest" time="0.012"/>
  <testcase name="testItemRowClass" classname="com.heyho.demo.vendingmachine.VendingMachineTest" time="0.001"/>
  <testcase name="testRetrieveRestockGoods" classname="com.heyho.demo.vendingmachine.VendingMachineTest" time="0"/>
  <testcase name="testRetrieveRestockMoney" classname="com.heyho.demo.vendingmachine.VendingMachineTest" time="0"/>
</testsuite>